<?xml version="1.0" encoding="UTF-8"?>
<testsuite name="com.geography.geography.GeographyApplicationTests" tests="1" skipped="0" failures="0" errors="0" timestamp="2023-08-20T04:15:49" hostname="samuelbraunmacbookair.lan" time="0.336">
  <properties/>
  <testcase name="contextLoads()" classname="com.geography.geography.GeographyApplicationTests" time="0.336"/>
  <system-out><![CDATA[00:15:47.473 [Test worker] INFO org.springframework.test.context.support.AnnotationConfigContextLoaderUtils -- Could not detect default configuration classes for test class [com.geography.geography.GeographyApplicationTests]: GeographyApplicationTests does not declare any static, non-private, non-final, nested classes annotated with @Configuration.
00:15:47.522 [Test worker] INFO org.springframework.boot.test.context.SpringBootTestContextBootstrapper -- Found @SpringBootConfiguration com.geography.geography.GeographyApplication for test class com.geography.geography.GeographyApplicationTests

  .   ____          _            __ _ _
 /\\ / ___'_ __ _ _(_)_ __  __ _ \ \ \ \
( ( )\___ | '_ | '_| | '_ \/ _` | \ \ \ \
 \\/  ___)| |_)| | | | | || (_| |  ) ) ) )
  '  |____| .__|_| |_|_| |_\__, | / / / /
 =========|_|==============|___/=/_/_/_/
 :: Spring Boot ::             (v3.2.0-M1)

2023-08-20T00:15:47.714-04:00  INFO 9900 --- [    Test worker] c.g.geography.GeographyApplicationTests  : Starting GeographyApplicationTests using Java 18.0.2.1 with PID 9900 (started by samuelbraun in /Users/samuelbraun/Desktop/geography_git3/geography)
2023-08-20T00:15:47.715-04:00  INFO 9900 --- [    Test worker] c.g.geography.GeographyApplicationTests  : No active profile set, falling back to 1 default profile: "default"
2023-08-20T00:15:48.021-04:00  INFO 9900 --- [    Test worker] .s.d.r.c.RepositoryConfigurationDelegate : Bootstrapping Spring Data JPA repositories in DEFAULT mode.
2023-08-20T00:15:48.049-04:00  INFO 9900 --- [    Test worker] .s.d.r.c.RepositoryConfigurationDelegate : Finished Spring Data repository scanning in 24 ms. Found 2 JPA repository interfaces.
2023-08-20T00:15:48.311-04:00  INFO 9900 --- [    Test worker] com.zaxxer.hikari.HikariDataSource       : HikariPool-1 - Starting...
2023-08-20T00:15:48.415-04:00  INFO 9900 --- [    Test worker] com.zaxxer.hikari.pool.HikariPool        : HikariPool-1 - Added connection conn0: url=jdbc:h2:mem:8202282e-1a67-43f9-8e52-a3eb5e8667f1 user=SA
2023-08-20T00:15:48.416-04:00  INFO 9900 --- [    Test worker] com.zaxxer.hikari.HikariDataSource       : HikariPool-1 - Start completed.
2023-08-20T00:15:48.441-04:00  INFO 9900 --- [    Test worker] o.hibernate.jpa.internal.util.LogHelper  : HHH000204: Processing PersistenceUnitInfo [name: default]
2023-08-20T00:15:48.464-04:00  INFO 9900 --- [    Test worker] org.hibernate.Version                    : HHH000412: Hibernate ORM core version 6.2.6.Final
2023-08-20T00:15:48.466-04:00  INFO 9900 --- [    Test worker] org.hibernate.cfg.Environment            : HHH000406: Using bytecode reflection optimizer
2023-08-20T00:15:48.533-04:00  INFO 9900 --- [    Test worker] o.h.b.i.BytecodeProviderInitiator        : HHH000021: Bytecode provider name : bytebuddy
2023-08-20T00:15:48.607-04:00  INFO 9900 --- [    Test worker] o.s.o.j.p.SpringPersistenceUnitInfo      : No LoadTimeWeaver setup: ignoring JPA class transformer
2023-08-20T00:15:48.723-04:00  INFO 9900 --- [    Test worker] o.h.b.i.BytecodeProviderInitiator        : HHH000021: Bytecode provider name : bytebuddy
2023-08-20T00:15:49.039-04:00  INFO 9900 --- [    Test worker] o.h.e.t.j.p.i.JtaPlatformInitiator       : HHH000490: Using JtaPlatform implementation: [org.hibernate.engine.transaction.jta.platform.internal.NoJtaPlatform]
2023-08-20T00:15:49.060-04:00  INFO 9900 --- [    Test worker] j.LocalContainerEntityManagerFactoryBean : Initialized JPA EntityManagerFactory for persistence unit 'default'
2023-08-20T00:15:49.323-04:00  WARN 9900 --- [    Test worker] JpaBaseConfiguration$JpaWebConfiguration : spring.jpa.open-in-view is enabled by default. Therefore, database queries may be performed during view rendering. Explicitly configure spring.jpa.open-in-view to disable this warning
2023-08-20T00:15:49.514-04:00  INFO 9900 --- [    Test worker] c.g.geography.GeographyApplicationTests  : Started GeographyApplicationTests in 1.919 seconds (process running for 2.491)
]]></system-out>
  <system-err><![CDATA[]]></system-err>
</testsuite>
